Using pre-set license
Built from '2020.3/release' branch; Version is '2020.3.7f1 (dd97f2c94397) revision 14522354'; Using compiler version '192528614'; Build Type 'Release'
OS: 'Windows 10 Home; OS build 19043.1466; Version 2009; 64bit' Language: 'fr' Physical Memory: 16257 MB
BatchMode: 1, IsHumanControllingUs: 0, StartBugReporterOnCrash: 0, Is64bit: 1, IsPro: 0

 COMMAND LINE ARGUMENTS:
E:\UnityEditor\2020.3.7f1\Editor\Unity.exe
-adb2
-batchMode
-noUpm
-name
AssetImportWorker0
-projectPath
E:/dev/FYC-VR-Correction
-logFile
Logs/AssetImportWorker0.log
-srvPort
54789
Successfully changed project path to: E:/dev/FYC-VR-Correction
E:/dev/FYC-VR-Correction
Using Asset Import Pipeline V2.
Refreshing native plugins compatible for Editor in 30.85 ms, found 5 plugins.
Preloading 1 native plugins for Editor in 0.31 ms.
Initialize engine version: 2020.3.7f1 (dd97f2c94397)
[Subsystems] Discovering subsystems at path E:/UnityEditor/2020.3.7f1/Editor/Data/Resources/UnitySubsystems
[Subsystems] Discovering subsystems at path E:/dev/FYC-VR-Correction/Assets
GfxDevice: creating device client; threaded=0
Direct3D:
    Version:  Direct3D 11.0 [level 11.1]
    Renderer: NVIDIA GeForce GTX 1050 Ti (ID=0x1c8c)
    Vendor:   
    VRAM:     4018 MB
    Driver:   27.21.14.5749
Initialize mono
Mono path[0] = 'E:/UnityEditor/2020.3.7f1/Editor/Data/Managed'
Mono path[1] = 'E:/UnityEditor/2020.3.7f1/Editor/Data/MonoBleedingEdge/lib/mono/unityjit'
Mono config path = 'E:/UnityEditor/2020.3.7f1/Editor/Data/MonoBleedingEdge/etc'
Using monoOptions --debugger-agent=transport=dt_socket,embedding=1,server=y,suspend=n,address=127.0.0.1:56156
Begin MonoManager ReloadAssembly
Registering precompiled unity dll's ...
Register platform support module: E:/UnityEditor/2020.3.7f1/Editor/Data/PlaybackEngines/WindowsStandaloneSupport/UnityEditor.WindowsStandalone.Extensions.dll
Registered in 0.001042 seconds.
Native extension for WindowsStandalone target not found
Refreshing native plugins compatible for Editor in 29.46 ms, found 5 plugins.
Preloading 1 native plugins for Editor in 0.04 ms.
Mono: successfully reloaded assembly
- Completed reload, in  0.842 seconds
Platform modules already initialized, skipping
Registering precompiled user dll's ...
Registered in 0.001313 seconds.
Begin MonoManager ReloadAssembly
Native extension for WindowsStandalone target not found
Refreshing native plugins compatible for Editor in 29.32 ms, found 5 plugins.
Preloading 1 native plugins for Editor in 0.04 ms.
Mono: successfully reloaded assembly
- Completed reload, in  0.841 seconds
Platform modules already initialized, skipping
========================================================================
Worker process is ready to serve import requests
Launched and connected shader compiler UnityShaderCompiler.exe after 0.21 seconds
Refreshing native plugins compatible for Editor in 0.38 ms, found 5 plugins.
Preloading 1 native plugins for Editor in 0.04 ms.
Unloading 1641 Unused Serialized files (Serialized files now loaded: 0)
System memory in use before: 74.6 MB.
System memory in use after: 74.6 MB.

Unloading 26 unused Assets to reduce memory usage. Loaded Objects now: 2072.
Total: 2.827900 ms (FindLiveObjects: 0.294400 ms CreateObjectMapping: 0.121200 ms MarkObjects: 2.290600 ms  DeleteObjects: 0.120000 ms)

========================================================================
Received Import Request.
  path: Assets/Materials/Experience1/LittleDimensionDangerMat.mat
  artifactKey: Guid(540d4f908b8bf084b94a9359aaa614d3) Importer(815301076,1909f56bfc062723c751e8b465ee728b)
Start importing Assets/Materials/Experience1/LittleDimensionDangerMat.mat using Guid(540d4f908b8bf084b94a9359aaa614d3) Importer(815301076,1909f56bfc062723c751e8b465ee728b)  -> (artifact id: 'c502a9ed1c73a42089da6eb1510112f4') in 0.460709 seconds
  Import took 0.508711 seconds .

========================================================================
Received Import Request.
  Time since last request: 0.001127 seconds.
  path: Assets/Materials/Experience1/FlyMat.mat
  artifactKey: Guid(b1c701dd40ca22d4db18fde03b5de01c) Importer(815301076,1909f56bfc062723c751e8b465ee728b)
Start importing Assets/Materials/Experience1/FlyMat.mat using Guid(b1c701dd40ca22d4db18fde03b5de01c) Importer(815301076,1909f56bfc062723c751e8b465ee728b)  -> (artifact id: '9a4f044c489b1bc99011971dfab625d3') in 0.011097 seconds
  Import took 0.018445 seconds .

========================================================================
Received Import Request.
  Time since last request: 3.044196 seconds.
  path: Assets/Plugins/FMOD
  artifactKey: Guid(f02aac5ac69aa6148bfec265ef54711d) Importer(815301076,1909f56bfc062723c751e8b465ee728b)
Start importing Assets/Plugins/FMOD using Guid(f02aac5ac69aa6148bfec265ef54711d) Importer(815301076,1909f56bfc062723c751e8b465ee728b)  -> (artifact id: '80d0171232068cf13cdca6ed97bf0b88') in 0.005867 seconds
  Import took 0.009388 seconds .

========================================================================
Received Import Request.
  Time since last request: 0.397734 seconds.
  path: Assets/Plugins/FMOD/lib
  artifactKey: Guid(9ec0b0ba9b7bfaf46be8d2fcf7b0b15e) Importer(815301076,1909f56bfc062723c751e8b465ee728b)
Start importing Assets/Plugins/FMOD/lib using Guid(9ec0b0ba9b7bfaf46be8d2fcf7b0b15e) Importer(815301076,1909f56bfc062723c751e8b465ee728b)  -> (artifact id: '45c169386450e726cf08e75082359e0a') in 0.005857 seconds
  Import took 0.010153 seconds .

========================================================================
Received Import Request.
  Time since last request: 0.399404 seconds.
  path: Assets/Plugins/FMOD/lib/linux
  artifactKey: Guid(a056ccc6d91d3e04c8ae062401388d39) Importer(815301076,1909f56bfc062723c751e8b465ee728b)
Start importing Assets/Plugins/FMOD/lib/linux using Guid(a056ccc6d91d3e04c8ae062401388d39) Importer(815301076,1909f56bfc062723c751e8b465ee728b)  -> (artifact id: 'c10df33ab0b639821358f733e9257d46') in 0.006006 seconds
  Import took 0.269641 seconds .

========================================================================
Received Import Request.
  Time since last request: 0.448862 seconds.
  path: Assets/Plugins/FMOD/lib/linux/x86_64
  artifactKey: Guid(a4d05802c28395d48b479a0081c7d97a) Importer(815301076,1909f56bfc062723c751e8b465ee728b)
Start importing Assets/Plugins/FMOD/lib/linux/x86_64 using Guid(a4d05802c28395d48b479a0081c7d97a) Importer(815301076,1909f56bfc062723c751e8b465ee728b)  -> (artifact id: 'a57af440a4891c4c3263cf8cee0bfa99') in 0.005399 seconds
  Import took 0.078068 seconds .

========================================================================
Received Import Request.
  Time since last request: 35.469359 seconds.
  path: Assets/Plugins/SteamAudio/Resources
  artifactKey: Guid(e5745ad563e845743b8920252a3e6611) Importer(815301076,1909f56bfc062723c751e8b465ee728b)
Start importing Assets/Plugins/SteamAudio/Resources using Guid(e5745ad563e845743b8920252a3e6611) Importer(815301076,1909f56bfc062723c751e8b465ee728b)  -> (artifact id: 'd3809382bfe598f71c93db6875ef171d') in 0.006003 seconds
  Import took 0.196313 seconds .

========================================================================
Received Import Request.
  Time since last request: 1.738371 seconds.
  path: Assets/Plugins/SteamAudio/Scripts/Runtime
  artifactKey: Guid(07db90b46cddd3245b0baf1c24d8548e) Importer(815301076,1909f56bfc062723c751e8b465ee728b)
Start importing Assets/Plugins/SteamAudio/Scripts/Runtime using Guid(07db90b46cddd3245b0baf1c24d8548e) Importer(815301076,1909f56bfc062723c751e8b465ee728b)  -> (artifact id: 'c9431b6edb1e560df9d950de711b1ec8') in 0.005858 seconds
  Import took 0.047551 seconds .

========================================================================
Received Import Request.
  Time since last request: 2.383024 seconds.
  path: Assets/Plugins/SteamAudio/Resources/SteamAudioSettings.asset
  artifactKey: Guid(4c73f95d8496e8f4da8d15df37717ef0) Importer(815301076,1909f56bfc062723c751e8b465ee728b)
Start importing Assets/Plugins/SteamAudio/Resources/SteamAudioSettings.asset using Guid(4c73f95d8496e8f4da8d15df37717ef0) Importer(815301076,1909f56bfc062723c751e8b465ee728b)  -> (artifact id: '23713061f0622c58b3f8325f32cdb4c2') in 0.019051 seconds
  Import took 0.267437 seconds .

========================================================================
Received Import Request.
  Time since last request: 0.002834 seconds.
  path: Assets/Plugins/SteamAudio/Resources/SteamAudioSettings.asset
  artifactKey: Guid(4c73f95d8496e8f4da8d15df37717ef0) Importer(815301076,1909f56bfc062723c751e8b465ee728b)
Start importing Assets/Plugins/SteamAudio/Resources/SteamAudioSettings.asset using Guid(4c73f95d8496e8f4da8d15df37717ef0) Importer(815301076,1909f56bfc062723c751e8b465ee728b)  -> (artifact id: '23713061f0622c58b3f8325f32cdb4c2') in 0.002831 seconds
  Import took 0.007180 seconds .

========================================================================
Received Import Request.
  Time since last request: 0.534918 seconds.
  path: Assets/Plugins/SteamAudio/Resources/Materials
  artifactKey: Guid(88a93f7297473be4f8ebcdf7f46e5102) Importer(815301076,1909f56bfc062723c751e8b465ee728b)
Start importing Assets/Plugins/SteamAudio/Resources/Materials using Guid(88a93f7297473be4f8ebcdf7f46e5102) Importer(815301076,1909f56bfc062723c751e8b465ee728b)  -> (artifact id: '132677bda104483d3c8ef30704b0bfc8') in 0.005393 seconds
  Import took 0.009114 seconds .

========================================================================
Received Import Request.
  Time since last request: 0.032213 seconds.
  path: Assets/Plugins/SteamAudio/Resources/Materials/Brick.asset
  artifactKey: Guid(ed65b244617a3154ba34ebdb722855a9) Importer(815301076,1909f56bfc062723c751e8b465ee728b)
Start importing Assets/Plugins/SteamAudio/Resources/Materials/Brick.asset using Guid(ed65b244617a3154ba34ebdb722855a9) Importer(815301076,1909f56bfc062723c751e8b465ee728b)  -> (artifact id: '04095860b253a02a1be645b461649d93') in 0.006188 seconds
  Import took 0.096923 seconds .

========================================================================
Received Import Request.
  Time since last request: 0.000349 seconds.
  path: Assets/Plugins/SteamAudio/Resources/Materials/Ceramic.asset
  artifactKey: Guid(1ae39e85ad35335439c46ec8a6d27ea9) Importer(815301076,1909f56bfc062723c751e8b465ee728b)
Start importing Assets/Plugins/SteamAudio/Resources/Materials/Ceramic.asset using Guid(1ae39e85ad35335439c46ec8a6d27ea9) Importer(815301076,1909f56bfc062723c751e8b465ee728b)  -> (artifact id: '720ade6c076f891f86950a0f2d09b584') in 0.195672 seconds
  Import took 0.257802 seconds .

========================================================================
Received Import Request.
  Time since last request: 0.000602 seconds.
  path: Assets/Plugins/SteamAudio/Resources/Materials/Gravel.asset
  artifactKey: Guid(b1c2b85c159e39042b3aa49340f34357) Importer(815301076,1909f56bfc062723c751e8b465ee728b)
Start importing Assets/Plugins/SteamAudio/Resources/Materials/Gravel.asset using Guid(b1c2b85c159e39042b3aa49340f34357) Importer(815301076,1909f56bfc062723c751e8b465ee728b)  -> (artifact id: '5db1318c5834686adad9df9455fe367a') in 0.005664 seconds
  Import took 0.044940 seconds .

========================================================================
Received Import Request.
  Time since last request: 0.000306 seconds.
  path: Assets/Plugins/SteamAudio/Resources/Materials/Carpet.asset
  artifactKey: Guid(4ef433d5b2fa5ad4a9e19a415c6ab619) Importer(815301076,1909f56bfc062723c751e8b465ee728b)
Start importing Assets/Plugins/SteamAudio/Resources/Materials/Carpet.asset using Guid(4ef433d5b2fa5ad4a9e19a415c6ab619) Importer(815301076,1909f56bfc062723c751e8b465ee728b)  -> (artifact id: '505ee7c60afdc5b1662cddf5897e2a20') in 0.005515 seconds
  Import took 0.009881 seconds .

========================================================================
Received Import Request.
  Time since last request: 0.000345 seconds.
  path: Assets/Plugins/SteamAudio/Resources/Materials/Concrete.asset
  artifactKey: Guid(2a011bab5de11df4c81c68931509f73a) Importer(815301076,1909f56bfc062723c751e8b465ee728b)
Start importing Assets/Plugins/SteamAudio/Resources/Materials/Concrete.asset using Guid(2a011bab5de11df4c81c68931509f73a) Importer(815301076,1909f56bfc062723c751e8b465ee728b)  -> (artifact id: 'a8e0f2b1da57d99806d2ad43b2e97e36') in 0.005971 seconds
  Import took 0.027846 seconds .

========================================================================
Received Import Request.
  Time since last request: 0.000336 seconds.
  path: Assets/Plugins/SteamAudio/Resources/Materials/Glass.asset
  artifactKey: Guid(08bf73ad12cb44944875b02ce7f9d694) Importer(815301076,1909f56bfc062723c751e8b465ee728b)
Start importing Assets/Plugins/SteamAudio/Resources/Materials/Glass.asset using Guid(08bf73ad12cb44944875b02ce7f9d694) Importer(815301076,1909f56bfc062723c751e8b465ee728b)  -> (artifact id: 'fb260dc27744448dd38f69f088d774b9') in 0.024477 seconds
  Import took 0.027907 seconds .

========================================================================
Received Import Request.
  Time since last request: 0.000338 seconds.
  path: Assets/Plugins/SteamAudio/Resources/Materials/Default.asset
  artifactKey: Guid(a086f686223eed942816c70be67841b0) Importer(815301076,1909f56bfc062723c751e8b465ee728b)
Start importing Assets/Plugins/SteamAudio/Resources/Materials/Default.asset using Guid(a086f686223eed942816c70be67841b0) Importer(815301076,1909f56bfc062723c751e8b465ee728b)  -> (artifact id: '99d21de3d53173b216c5df8c1b9cb474') in 0.005461 seconds
  Import took 0.007706 seconds .

========================================================================
Received Import Request.
  Time since last request: 0.000340 seconds.
  path: Assets/Plugins/SteamAudio/Resources/Materials/Metal.asset
  artifactKey: Guid(d780f25df1d231d4aa9a31ab3ba935d0) Importer(815301076,1909f56bfc062723c751e8b465ee728b)
Start importing Assets/Plugins/SteamAudio/Resources/Materials/Metal.asset using Guid(d780f25df1d231d4aa9a31ab3ba935d0) Importer(815301076,1909f56bfc062723c751e8b465ee728b)  -> (artifact id: '34f0f39a2fe8515c7bcd488d754603c9') in 0.005842 seconds
  Import took 0.020522 seconds .

========================================================================
Received Import Request.
  Time since last request: 0.000351 seconds.
  path: Assets/Plugins/SteamAudio/Resources/Materials/Rock.asset
  artifactKey: Guid(5c0320d65bcecce4abf2efe02ff313aa) Importer(815301076,1909f56bfc062723c751e8b465ee728b)
Start importing Assets/Plugins/SteamAudio/Resources/Materials/Rock.asset using Guid(5c0320d65bcecce4abf2efe02ff313aa) Importer(815301076,1909f56bfc062723c751e8b465ee728b)  -> (artifact id: '53481336d784f4a3b8479e845ed01b9b') in 0.005669 seconds
  Import took 0.045237 seconds .

========================================================================
Received Import Request.
  Time since last request: 0.000308 seconds.
  path: Assets/Plugins/SteamAudio/Resources/Materials/Wood.asset
  artifactKey: Guid(5272c55b882edd34a9d80b11bd6f240c) Importer(815301076,1909f56bfc062723c751e8b465ee728b)
Start importing Assets/Plugins/SteamAudio/Resources/Materials/Wood.asset using Guid(5272c55b882edd34a9d80b11bd6f240c) Importer(815301076,1909f56bfc062723c751e8b465ee728b)  -> (artifact id: '126921c98fa0d9c59d332706f395c6ef') in 0.006418 seconds
  Import took 0.008633 seconds .

========================================================================
Received Import Request.
  Time since last request: 0.000325 seconds.
  path: Assets/Plugins/SteamAudio/Resources/Materials/Plaster.asset
  artifactKey: Guid(9e0a6d5705eaec64ab63e6ac7132e0a7) Importer(815301076,1909f56bfc062723c751e8b465ee728b)
Start importing Assets/Plugins/SteamAudio/Resources/Materials/Plaster.asset using Guid(9e0a6d5705eaec64ab63e6ac7132e0a7) Importer(815301076,1909f56bfc062723c751e8b465ee728b)  -> (artifact id: 'd97893d2791436b1a8c60f2c4c801e02') in 0.006121 seconds
  Import took 0.037054 seconds .

========================================================================
Received Import Request.
  Time since last request: 9.959967 seconds.
  path: Assets/Plugins/SteamAudio/Binaries/Linux
  artifactKey: Guid(4063b98da3a82e64ea56c5487aacd513) Importer(815301076,1909f56bfc062723c751e8b465ee728b)
Start importing Assets/Plugins/SteamAudio/Binaries/Linux using Guid(4063b98da3a82e64ea56c5487aacd513) Importer(815301076,1909f56bfc062723c751e8b465ee728b)  -> (artifact id: 'eb8c7974173b3101729c1c5b900692ad') in 0.008608 seconds
  Import took 0.012890 seconds .

========================================================================
Received Import Request.
  Time since last request: 11.147434 seconds.
  path: Assets/Plugins/SteamAudio/Scripts/Editor/SteamAudioUnityEditor.asmdef
  artifactKey: Guid(32059f5c68d213f49892e59f10b1a065) Importer(815301076,1909f56bfc062723c751e8b465ee728b)
Start importing Assets/Plugins/SteamAudio/Scripts/Editor/SteamAudioUnityEditor.asmdef using Guid(32059f5c68d213f49892e59f10b1a065) Importer(815301076,1909f56bfc062723c751e8b465ee728b)  -> (artifact id: 'd3a1597e6736a107e56717c90867df5f') in 0.006797 seconds
  Import took 0.009580 seconds .

========================================================================
Received Import Request.
  Time since last request: 34.886392 seconds.
  path: Assets/Scenes/Experience1.unity
  artifactKey: Guid(9fc0d4010bbf28b4594072e72b8655ab) Importer(815301076,1909f56bfc062723c751e8b465ee728b)
Start importing Assets/Scenes/Experience1.unity using Guid(9fc0d4010bbf28b4594072e72b8655ab) Importer(815301076,1909f56bfc062723c751e8b465ee728b)  -> (artifact id: '22f02e763dfe7ea38e574c5d87793ef3') in 0.005880 seconds
  Import took 0.008516 seconds .

========================================================================
Received Prepare
Registering precompiled user dll's ...
Registered in 0.001278 seconds.
Begin MonoManager ReloadAssembly
Native extension for WindowsStandalone target not found
Refreshing native plugins compatible for Editor in 0.32 ms, found 5 plugins.
Preloading 1 native plugins for Editor in 0.04 ms.
Mono: successfully reloaded assembly
- Completed reload, in  0.733 seconds
Platform modules already initialized, skipping
Refreshing native plugins compatible for Editor in 0.32 ms, found 5 plugins.
Preloading 1 native plugins for Editor in 0.03 ms.
Unloading 1632 Unused Serialized files (Serialized files now loaded: 0)
System memory in use before: 77.9 MB.
System memory in use after: 77.9 MB.

Unloading 15 unused Assets to reduce memory usage. Loaded Objects now: 2115.
Total: 1.817100 ms (FindLiveObjects: 0.149500 ms CreateObjectMapping: 0.053100 ms MarkObjects: 1.571100 ms  DeleteObjects: 0.042400 ms)

========================================================================
Received Import Request.
  Time since last request: 34.135233 seconds.
  path: Assets/Scripts/KeyPlayer.cs
  artifactKey: Guid(64f1308069e36b44e8087c88a9bbc499) Importer(815301076,1909f56bfc062723c751e8b465ee728b)
Start importing Assets/Scripts/KeyPlayer.cs using Guid(64f1308069e36b44e8087c88a9bbc499) Importer(815301076,1909f56bfc062723c751e8b465ee728b)  -> (artifact id: '30a3881b40b080b4f8bfd7ff359fecf1') in 0.013334 seconds
  Import took 0.052420 seconds .

========================================================================
Received Prepare
Registering precompiled user dll's ...
Registered in 0.001162 seconds.
Begin MonoManager ReloadAssembly
Native extension for WindowsStandalone target not found
Refreshing native plugins compatible for Editor in 0.33 ms, found 5 plugins.
Preloading 1 native plugins for Editor in 0.04 ms.
Mono: successfully reloaded assembly
- Completed reload, in  0.765 seconds
Platform modules already initialized, skipping
Refreshing native plugins compatible for Editor in 0.31 ms, found 5 plugins.
Preloading 1 native plugins for Editor in 0.03 ms.
Unloading 1631 Unused Serialized files (Serialized files now loaded: 0)
System memory in use before: 77.9 MB.
System memory in use after: 78.0 MB.

Unloading 16 unused Assets to reduce memory usage. Loaded Objects now: 2117.
Total: 2.237500 ms (FindLiveObjects: 0.172000 ms CreateObjectMapping: 0.058300 ms MarkObjects: 1.950100 ms  DeleteObjects: 0.055800 ms)

========================================================================
Received Import Request.
  Time since last request: 12.898477 seconds.
  path: Assets/Scripts/Score.cs
  artifactKey: Guid(5f0c8471ef10fbd4b9a18a7cc1ba290b) Importer(815301076,1909f56bfc062723c751e8b465ee728b)
Start importing Assets/Scripts/Score.cs using Guid(5f0c8471ef10fbd4b9a18a7cc1ba290b) Importer(815301076,1909f56bfc062723c751e8b465ee728b)  -> (artifact id: 'e5e21e2a252985ecf15ff4e4c0106966') in 0.007100 seconds
  Import took 0.041083 seconds .

========================================================================
Received Prepare
Registering precompiled user dll's ...
Registered in 0.001254 seconds.
Begin MonoManager ReloadAssembly
Native extension for WindowsStandalone target not found
Refreshing native plugins compatible for Editor in 0.33 ms, found 5 plugins.
Preloading 1 native plugins for Editor in 0.04 ms.
Mono: successfully reloaded assembly
- Completed reload, in  1.085 seconds
Platform modules already initialized, skipping
Refreshing native plugins compatible for Editor in 0.34 ms, found 5 plugins.
Preloading 1 native plugins for Editor in 0.03 ms.
Unloading 1629 Unused Serialized files (Serialized files now loaded: 0)
System memory in use before: 77.8 MB.
System memory in use after: 77.9 MB.

Unloading 17 unused Assets to reduce memory usage. Loaded Objects now: 2118.
Total: 1.774000 ms (FindLiveObjects: 0.188400 ms CreateObjectMapping: 0.057400 ms MarkObjects: 1.475200 ms  DeleteObjects: 0.051500 ms)

